<?xml version="1.0" encoding="UTF-8"?>
<coverage generated="1650832554140" clover="3.2.0">
  <project timestamp="1650832554140" name="All files">
    <metrics statements="14" coveredstatements="10" conditionals="11" coveredconditionals="8" methods="9" coveredmethods="5" elements="34" coveredelements="23" complexity="0" loc="14" ncloc="14" packages="1" files="1" classes="1"/>
    <file name="index.js" path="/Users/sbitterman/git/OpenWeather/dist/index.js">
      <metrics statements="14" coveredstatements="10" conditionals="11" coveredconditionals="8" methods="9" coveredmethods="5"/>
      <line num="2" count="1" type="cond" truecount="3" falsecount="0"/>
      <line num="3" count="0" type="cond" truecount="0" falsecount="2"/>
      <line num="4" count="1" type="cond" truecount="2" falsecount="0"/>
      <line num="5" count="0" type="stmt"/>
      <line num="6" count="0" type="stmt"/>
      <line num="7" count="1" type="cond" truecount="1" falsecount="1"/>
      <line num="8" count="1" type="cond" truecount="2" falsecount="0"/>
      <line num="11" count="1" type="stmt"/>
      <line num="13" count="1" type="stmt"/>
      <line num="29" count="1" type="stmt"/>
      <line num="30" count="1" type="stmt"/>
      <line num="31" count="1" type="stmt"/>
      <line num="34" count="0" type="stmt"/>
      <line num="38" count="1" type="stmt"/>
    </file>
  </project>
</coverage>
